{"C:\\Project\\Repos\\nasuni-opensearch-userinterface\\SearchUI_Web\\__tests__\\search.js": {"path":"C:\\Project\\Repos\\nasuni-opensearch-userinterface\\SearchUI_Web\\__tests__\\search.js","statementMap":{"0":{"start":{"line":4,"column":17},"end":{"line":4,"column":110}},"1":{"start":{"line":5,"column":17},"end":{"line":5,"column":110}},"2":{"start":{"line":6,"column":17},"end":{"line":6,"column":51}},"3":{"start":{"line":7,"column":16},"end":{"line":7,"column":52}},"4":{"start":{"line":8,"column":16},"end":{"line":8,"column":64}},"5":{"start":{"line":9,"column":16},"end":{"line":9,"column":59}},"6":{"start":{"line":10,"column":12},"end":{"line":10,"column":13}},"7":{"start":{"line":11,"column":10},"end":{"line":11,"column":12}},"8":{"start":{"line":12,"column":18},"end":{"line":12,"column":20}},"9":{"start":{"line":15,"column":18},"end":{"line":15,"column":19}},"10":{"start":{"line":16,"column":14},"end":{"line":16,"column":15}},"11":{"start":{"line":17,"column":12},"end":{"line":17,"column":13}},"12":{"start":{"line":18,"column":13},"end":{"line":18,"column":15}},"13":{"start":{"line":19,"column":18},"end":{"line":19,"column":19}},"14":{"start":{"line":22,"column":4},"end":{"line":22,"column":24}},"15":{"start":{"line":23,"column":4},"end":{"line":23,"column":36}},"16":{"start":{"line":27,"column":4},"end":{"line":27,"column":16}},"17":{"start":{"line":28,"column":4},"end":{"line":28,"column":20}},"18":{"start":{"line":29,"column":4},"end":{"line":29,"column":24}},"19":{"start":{"line":30,"column":4},"end":{"line":30,"column":35}},"20":{"start":{"line":31,"column":4},"end":{"line":33,"column":7}},"21":{"start":{"line":32,"column":8},"end":{"line":32,"column":17}},"22":{"start":{"line":37,"column":8},"end":{"line":37,"column":29}},"23":{"start":{"line":38,"column":8},"end":{"line":38,"column":63}},"24":{"start":{"line":39,"column":8},"end":{"line":39,"column":22}},"25":{"start":{"line":44,"column":4},"end":{"line":44,"column":18}},"26":{"start":{"line":45,"column":4},"end":{"line":45,"column":18}},"27":{"start":{"line":46,"column":4},"end":{"line":46,"column":37}},"28":{"start":{"line":48,"column":4},"end":{"line":48,"column":38}},"29":{"start":{"line":48,"column":28},"end":{"line":48,"column":35}},"30":{"start":{"line":50,"column":4},"end":{"line":50,"column":35}},"31":{"start":{"line":52,"column":4},"end":{"line":63,"column":5}},"32":{"start":{"line":53,"column":8},"end":{"line":53,"column":42}},"33":{"start":{"line":55,"column":8},"end":{"line":55,"column":39}},"34":{"start":{"line":56,"column":8},"end":{"line":56,"column":41}},"35":{"start":{"line":57,"column":22},"end":{"line":57,"column":51}},"36":{"start":{"line":58,"column":8},"end":{"line":58,"column":86}},"37":{"start":{"line":59,"column":8},"end":{"line":59,"column":34}},"38":{"start":{"line":60,"column":8},"end":{"line":60,"column":15}},"39":{"start":{"line":61,"column":11},"end":{"line":63,"column":5}},"40":{"start":{"line":62,"column":8},"end":{"line":62,"column":20}},"41":{"start":{"line":65,"column":16},"end":{"line":65,"column":49}},"42":{"start":{"line":66,"column":4},"end":{"line":66,"column":23}},"43":{"start":{"line":68,"column":4},"end":{"line":92,"column":5}},"44":{"start":{"line":70,"column":28},"end":{"line":70,"column":83}},"45":{"start":{"line":73,"column":8},"end":{"line":91,"column":9}},"46":{"start":{"line":74,"column":12},"end":{"line":74,"column":43}},"47":{"start":{"line":75,"column":12},"end":{"line":75,"column":45}},"48":{"start":{"line":76,"column":12},"end":{"line":86,"column":13}},"49":{"start":{"line":76,"column":22},"end":{"line":76,"column":23}},"50":{"start":{"line":77,"column":16},"end":{"line":77,"column":52}},"51":{"start":{"line":78,"column":16},"end":{"line":78,"column":54}},"52":{"start":{"line":79,"column":16},"end":{"line":81,"column":17}},"53":{"start":{"line":79,"column":26},"end":{"line":79,"column":27}},"54":{"start":{"line":80,"column":20},"end":{"line":80,"column":57}},"55":{"start":{"line":83,"column":12},"end":{"line":84,"column":47}},"56":{"start":{"line":84,"column":12},"end":{"line":84,"column":46}},"57":{"start":{"line":84,"column":36},"end":{"line":84,"column":43}},"58":{"start":{"line":85,"column":12},"end":{"line":85,"column":89}},"59":{"start":{"line":87,"column":12},"end":{"line":87,"column":47}},"60":{"start":{"line":88,"column":12},"end":{"line":88,"column":36}},"61":{"start":{"line":90,"column":12},"end":{"line":90,"column":45}},"62":{"start":{"line":93,"column":4},"end":{"line":93,"column":35}},"63":{"start":{"line":98,"column":22},"end":{"line":98,"column":58}},"64":{"start":{"line":99,"column":4},"end":{"line":99,"column":35}},"65":{"start":{"line":100,"column":4},"end":{"line":107,"column":5}},"66":{"start":{"line":101,"column":8},"end":{"line":101,"column":26}},"67":{"start":{"line":102,"column":8},"end":{"line":102,"column":57}},"68":{"start":{"line":103,"column":8},"end":{"line":103,"column":61}},"69":{"start":{"line":105,"column":8},"end":{"line":105,"column":54}},"70":{"start":{"line":106,"column":8},"end":{"line":106,"column":67}},"71":{"start":{"line":108,"column":4},"end":{"line":108,"column":26}},"72":{"start":{"line":109,"column":4},"end":{"line":109,"column":47}},"73":{"start":{"line":110,"column":4},"end":{"line":110,"column":35}},"74":{"start":{"line":111,"column":16},"end":{"line":111,"column":37}},"75":{"start":{"line":112,"column":4},"end":{"line":112,"column":26}},"76":{"start":{"line":117,"column":4},"end":{"line":126,"column":5}},"77":{"start":{"line":117,"column":17},"end":{"line":117,"column":18}},"78":{"start":{"line":118,"column":8},"end":{"line":124,"column":9}},"79":{"start":{"line":118,"column":21},"end":{"line":118,"column":22}},"80":{"start":{"line":119,"column":20},"end":{"line":119,"column":34}},"81":{"start":{"line":121,"column":12},"end":{"line":121,"column":43}},"82":{"start":{"line":122,"column":12},"end":{"line":122,"column":39}},"83":{"start":{"line":123,"column":12},"end":{"line":123,"column":23}},"84":{"start":{"line":127,"column":4},"end":{"line":127,"column":25}},"85":{"start":{"line":128,"column":4},"end":{"line":128,"column":50}},"86":{"start":{"line":136,"column":20},"end":{"line":136,"column":59}},"87":{"start":{"line":138,"column":4},"end":{"line":138,"column":26}},"88":{"start":{"line":140,"column":4},"end":{"line":148,"column":5}},"89":{"start":{"line":140,"column":17},"end":{"line":140,"column":18}},"90":{"start":{"line":141,"column":18},"end":{"line":141,"column":24}},"91":{"start":{"line":142,"column":17},"end":{"line":142,"column":49}},"92":{"start":{"line":145,"column":8},"end":{"line":145,"column":29}},"93":{"start":{"line":146,"column":8},"end":{"line":146,"column":23}},"94":{"start":{"line":147,"column":8},"end":{"line":147,"column":34}},"95":{"start":{"line":153,"column":4},"end":{"line":156,"column":5}},"96":{"start":{"line":153,"column":17},"end":{"line":153,"column":18}},"97":{"start":{"line":154,"column":16},"end":{"line":154,"column":27}},"98":{"start":{"line":155,"column":8},"end":{"line":155,"column":23}},"99":{"start":{"line":157,"column":4},"end":{"line":157,"column":33}},"100":{"start":{"line":158,"column":4},"end":{"line":158,"column":35}},"101":{"start":{"line":160,"column":4},"end":{"line":160,"column":38}},"102":{"start":{"line":160,"column":28},"end":{"line":160,"column":35}},"103":{"start":{"line":161,"column":4},"end":{"line":161,"column":81}},"104":{"start":{"line":164,"column":4},"end":{"line":164,"column":20}},"105":{"start":{"line":165,"column":4},"end":{"line":165,"column":39}},"106":{"start":{"line":170,"column":4},"end":{"line":197,"column":5}},"107":{"start":{"line":170,"column":17},"end":{"line":170,"column":22}},"108":{"start":{"line":171,"column":19},"end":{"line":171,"column":47}},"109":{"start":{"line":172,"column":22},"end":{"line":172,"column":52}},"110":{"start":{"line":173,"column":24},"end":{"line":173,"column":53}},"111":{"start":{"line":174,"column":22},"end":{"line":174,"column":51}},"112":{"start":{"line":175,"column":8},"end":{"line":175,"column":46}},"113":{"start":{"line":176,"column":8},"end":{"line":176,"column":48}},"114":{"start":{"line":178,"column":8},"end":{"line":195,"column":9}},"115":{"start":{"line":179,"column":16},"end":{"line":179,"column":159}},"116":{"start":{"line":180,"column":16},"end":{"line":180,"column":39}},"117":{"start":{"line":181,"column":16},"end":{"line":190,"column":17}},"118":{"start":{"line":182,"column":20},"end":{"line":187,"column":21}},"119":{"start":{"line":182,"column":33},"end":{"line":182,"column":34}},"120":{"start":{"line":183,"column":24},"end":{"line":183,"column":73}},"121":{"start":{"line":184,"column":24},"end":{"line":184,"column":48}},"122":{"start":{"line":185,"column":24},"end":{"line":185,"column":50}},"123":{"start":{"line":188,"column":20},"end":{"line":188,"column":53}},"124":{"start":{"line":191,"column":16},"end":{"line":191,"column":38}},"125":{"start":{"line":192,"column":16},"end":{"line":192,"column":32}},"126":{"start":{"line":193,"column":12},"end":{"line":193,"column":19}},"127":{"start":{"line":196,"column":8},"end":{"line":196,"column":31}},"128":{"start":{"line":203,"column":4},"end":{"line":217,"column":5}},"129":{"start":{"line":204,"column":25},"end":{"line":204,"column":47}},"130":{"start":{"line":205,"column":8},"end":{"line":207,"column":9}},"131":{"start":{"line":206,"column":12},"end":{"line":206,"column":51}},"132":{"start":{"line":209,"column":19},"end":{"line":209,"column":38}},"133":{"start":{"line":210,"column":28},"end":{"line":210,"column":65}},"134":{"start":{"line":211,"column":17},"end":{"line":211,"column":45}},"135":{"start":{"line":215,"column":8},"end":{"line":215,"column":43}},"136":{"start":{"line":216,"column":8},"end":{"line":216,"column":28}}},"fnMap":{"0":{"name":"myFunction","decl":{"start":{"line":21,"column":9},"end":{"line":21,"column":19}},"loc":{"start":{"line":21,"column":22},"end":{"line":24,"column":3}},"line":21},"1":{"name":"dropDownData","decl":{"start":{"line":26,"column":9},"end":{"line":26,"column":21}},"loc":{"start":{"line":26,"column":30},"end":{"line":34,"column":1}},"line":26},"2":{"name":"paginationData","decl":{"start":{"line":36,"column":9},"end":{"line":36,"column":23}},"loc":{"start":{"line":36,"column":32},"end":{"line":40,"column":1}},"line":36},"3":{"name":"search","decl":{"start":{"line":42,"column":15},"end":{"line":42,"column":21}},"loc":{"start":{"line":42,"column":24},"end":{"line":94,"column":1}},"line":42},"4":{"name":"(anonymous_4)","decl":{"start":{"line":48,"column":15},"end":{"line":48,"column":16}},"loc":{"start":{"line":48,"column":26},"end":{"line":48,"column":37}},"line":48},"5":{"name":"(anonymous_5)","decl":{"start":{"line":84,"column":23},"end":{"line":84,"column":24}},"loc":{"start":{"line":84,"column":34},"end":{"line":84,"column":45}},"line":84},"6":{"name":"start","decl":{"start":{"line":97,"column":15},"end":{"line":97,"column":20}},"loc":{"start":{"line":97,"column":23},"end":{"line":113,"column":1}},"line":97},"7":{"name":"replaceAll","decl":{"start":{"line":116,"column":16},"end":{"line":116,"column":26}},"loc":{"start":{"line":116,"column":38},"end":{"line":130,"column":1}},"line":116},"8":{"name":"appendDropDown","decl":{"start":{"line":133,"column":9},"end":{"line":133,"column":23}},"loc":{"start":{"line":133,"column":29},"end":{"line":149,"column":1}},"line":133},"9":{"name":"indexChange","decl":{"start":{"line":152,"column":16},"end":{"line":152,"column":27}},"loc":{"start":{"line":152,"column":30},"end":{"line":166,"column":1}},"line":152},"10":{"name":"(anonymous_10)","decl":{"start":{"line":160,"column":15},"end":{"line":160,"column":16}},"loc":{"start":{"line":160,"column":26},"end":{"line":160,"column":37}},"line":160},"11":{"name":"appendData","decl":{"start":{"line":169,"column":16},"end":{"line":169,"column":26}},"loc":{"start":{"line":169,"column":44},"end":{"line":200,"column":1}},"line":169},"12":{"name":"paginationTrigger","decl":{"start":{"line":202,"column":16},"end":{"line":202,"column":33}},"loc":{"start":{"line":202,"column":39},"end":{"line":219,"column":1}},"line":202}},"branchMap":{"0":{"loc":{"start":{"line":31,"column":4},"end":{"line":33,"column":7}},"type":"if","locations":[{"start":{"line":31,"column":4},"end":{"line":33,"column":7}},{"start":{},"end":{}}],"line":31},"1":{"loc":{"start":{"line":52,"column":4},"end":{"line":63,"column":5}},"type":"if","locations":[{"start":{"line":52,"column":4},"end":{"line":63,"column":5}},{"start":{"line":61,"column":11},"end":{"line":63,"column":5}}],"line":52},"2":{"loc":{"start":{"line":52,"column":8},"end":{"line":52,"column":44}},"type":"binary-expr","locations":[{"start":{"line":52,"column":8},"end":{"line":52,"column":27}},{"start":{"line":52,"column":31},"end":{"line":52,"column":44}}],"line":52},"3":{"loc":{"start":{"line":61,"column":11},"end":{"line":63,"column":5}},"type":"if","locations":[{"start":{"line":61,"column":11},"end":{"line":63,"column":5}},{"start":{},"end":{}}],"line":61},"4":{"loc":{"start":{"line":68,"column":4},"end":{"line":92,"column":5}},"type":"if","locations":[{"start":{"line":68,"column":4},"end":{"line":92,"column":5}},{"start":{},"end":{}}],"line":68},"5":{"loc":{"start":{"line":73,"column":8},"end":{"line":91,"column":9}},"type":"if","locations":[{"start":{"line":73,"column":8},"end":{"line":91,"column":9}},{"start":{"line":89,"column":15},"end":{"line":91,"column":9}}],"line":73},"6":{"loc":{"start":{"line":83,"column":12},"end":{"line":84,"column":47}},"type":"if","locations":[{"start":{"line":83,"column":12},"end":{"line":84,"column":47}},{"start":{},"end":{}}],"line":83},"7":{"loc":{"start":{"line":100,"column":4},"end":{"line":107,"column":5}},"type":"if","locations":[{"start":{"line":100,"column":4},"end":{"line":107,"column":5}},{"start":{"line":104,"column":9},"end":{"line":107,"column":5}}],"line":100},"8":{"loc":{"start":{"line":178,"column":8},"end":{"line":195,"column":9}},"type":"if","locations":[{"start":{"line":178,"column":8},"end":{"line":195,"column":9}},{"start":{},"end":{}}],"line":178},"9":{"loc":{"start":{"line":181,"column":16},"end":{"line":190,"column":17}},"type":"if","locations":[{"start":{"line":181,"column":16},"end":{"line":190,"column":17}},{"start":{},"end":{}}],"line":181},"10":{"loc":{"start":{"line":203,"column":4},"end":{"line":217,"column":5}},"type":"if","locations":[{"start":{"line":203,"column":4},"end":{"line":217,"column":5}},{"start":{},"end":{}}],"line":203},"11":{"loc":{"start":{"line":205,"column":8},"end":{"line":207,"column":9}},"type":"if","locations":[{"start":{"line":205,"column":8},"end":{"line":207,"column":9}},{"start":{},"end":{}}],"line":205}},"s":{"0":1,"1":1,"2":1,"3":1,"4":1,"5":1,"6":1,"7":1,"8":1,"9":1,"10":1,"11":1,"12":1,"13":1,"14":0,"15":0,"16":0,"17":0,"18":0,"19":0,"20":0,"21":0,"22":0,"23":0,"24":0,"25":0,"26":0,"27":0,"28":0,"29":0,"30":0,"31":0,"32":0,"33":0,"34":0,"35":0,"36":0,"37":0,"38":0,"39":0,"40":0,"41":0,"42":0,"43":0,"44":0,"45":0,"46":0,"47":0,"48":0,"49":0,"50":0,"51":0,"52":0,"53":0,"54":0,"55":0,"56":0,"57":0,"58":0,"59":0,"60":0,"61":0,"62":0,"63":0,"64":0,"65":0,"66":0,"67":0,"68":0,"69":0,"70":0,"71":0,"72":0,"73":0,"74":0,"75":0,"76":1,"77":1,"78":4,"79":4,"80":4,"81":4,"82":4,"83":4,"84":1,"85":0,"86":0,"87":0,"88":0,"89":0,"90":0,"91":0,"92":0,"93":0,"94":0,"95":1,"96":1,"97":1,"98":1,"99":1,"100":1,"101":1,"102":0,"103":1,"104":1,"105":0,"106":1,"107":1,"108":1,"109":1,"110":1,"111":1,"112":1,"113":1,"114":1,"115":1,"116":0,"117":0,"118":0,"119":0,"120":0,"121":0,"122":0,"123":0,"124":0,"125":0,"126":0,"127":0,"128":1,"129":1,"130":1,"131":0,"132":1,"133":1,"134":1,"135":1,"136":0},"f":{"0":0,"1":0,"2":0,"3":0,"4":0,"5":0,"6":0,"7":1,"8":0,"9":1,"10":0,"11":1,"12":1},"b":{"0":[0,0],"1":[0,0],"2":[0,0],"3":[0,0],"4":[0,0],"5":[0,0],"6":[0,0],"7":[0,0],"8":[1,0],"9":[0,0],"10":[1,0],"11":[0,1]},"_coverageSchema":"1a1c01bbd47fc00a2c39e90264f33305004495a9","hash":"bc52a0155e0b7489c96184ec5ace90fe7a9eae3c"}
}
