TN:
SF:__tests__\search.js
FN:21,myFunction
FN:26,dropDownData
FN:36,paginationData
FN:42,search
FN:48,(anonymous_4)
FN:84,(anonymous_5)
FN:97,start
FN:116,replaceAll
FN:133,appendDropDown
FN:152,indexChange
FN:160,(anonymous_10)
FN:169,appendData
FN:202,paginationTrigger
FNF:13
FNH:4
FNDA:0,myFunction
FNDA:0,dropDownData
FNDA:0,paginationData
FNDA:0,search
FNDA:0,(anonymous_4)
FNDA:0,(anonymous_5)
FNDA:0,start
FNDA:1,replaceAll
FNDA:0,appendDropDown
FNDA:1,indexChange
FNDA:0,(anonymous_10)
FNDA:1,appendData
FNDA:1,paginationTrigger
DA:4,1
DA:5,1
DA:6,1
DA:7,1
DA:8,1
DA:9,1
DA:10,1
DA:11,1
DA:12,1
DA:15,1
DA:16,1
DA:17,1
DA:18,1
DA:19,1
DA:22,0
DA:23,0
DA:27,0
DA:28,0
DA:29,0
DA:30,0
DA:31,0
DA:32,0
DA:37,0
DA:38,0
DA:39,0
DA:44,0
DA:45,0
DA:46,0
DA:48,0
DA:50,0
DA:52,0
DA:53,0
DA:55,0
DA:56,0
DA:57,0
DA:58,0
DA:59,0
DA:60,0
DA:61,0
DA:62,0
DA:65,0
DA:66,0
DA:68,0
DA:70,0
DA:73,0
DA:74,0
DA:75,0
DA:76,0
DA:77,0
DA:78,0
DA:79,0
DA:80,0
DA:83,0
DA:84,0
DA:85,0
DA:87,0
DA:88,0
DA:90,0
DA:93,0
DA:98,0
DA:99,0
DA:100,0
DA:101,0
DA:102,0
DA:103,0
DA:105,0
DA:106,0
DA:108,0
DA:109,0
DA:110,0
DA:111,0
DA:112,0
DA:117,1
DA:118,4
DA:119,4
DA:121,4
DA:122,4
DA:123,4
DA:127,1
DA:128,0
DA:136,0
DA:138,0
DA:140,0
DA:141,0
DA:142,0
DA:145,0
DA:146,0
DA:147,0
DA:153,1
DA:154,1
DA:155,1
DA:157,1
DA:158,1
DA:160,1
DA:161,1
DA:164,1
DA:165,0
DA:170,1
DA:171,1
DA:172,1
DA:173,1
DA:174,1
DA:175,1
DA:176,1
DA:178,1
DA:179,1
DA:180,0
DA:181,0
DA:182,0
DA:183,0
DA:184,0
DA:185,0
DA:188,0
DA:191,0
DA:192,0
DA:193,0
DA:196,0
DA:203,1
DA:204,1
DA:205,1
DA:206,0
DA:209,1
DA:210,1
DA:211,1
DA:215,1
DA:216,0
LF:126
LH:45
BRDA:31,0,0,0
BRDA:31,0,1,0
BRDA:52,1,0,0
BRDA:52,1,1,0
BRDA:52,2,0,0
BRDA:52,2,1,0
BRDA:61,3,0,0
BRDA:61,3,1,0
BRDA:68,4,0,0
BRDA:68,4,1,0
BRDA:73,5,0,0
BRDA:73,5,1,0
BRDA:83,6,0,0
BRDA:83,6,1,0
BRDA:100,7,0,0
BRDA:100,7,1,0
BRDA:178,8,0,1
BRDA:178,8,1,0
BRDA:181,9,0,0
BRDA:181,9,1,0
BRDA:203,10,0,1
BRDA:203,10,1,0
BRDA:205,11,0,0
BRDA:205,11,1,1
BRF:24
BRH:3
end_of_record
